<?xml version="1.0" encoding="UTF-8"?>
<!-- Generated by org.testng.reporters.JUnitXMLReporter -->
<testsuite hostname="ARAVINDA-DELL-PERSONAL" ignored="4" name="GRP-lax-car" tests="2" failures="0" timestamp="2021-04-18T22:04:11 IST" time="0.078" errors="0">
  <testcase name="carnival" time="0.014" classname="com.testng.GroupsDemo"/>
  <testcase name="xuv500" time="0.002" classname="com.testng.GroupsDemo"/>
  <testcase name="xuv300" time="0.0" classname="com.testng.GroupsDemo">
    <ignored/>
  </testcase> <!-- xuv300 -->
  <testcase name="ertiga" time="0.0" classname="com.testng.GroupsDemo">
    <ignored/>
  </testcase> <!-- ertiga -->
  <testcase name="celtos" time="0.0" classname="com.testng.GroupsDemo">
    <ignored/>
  </testcase> <!-- celtos -->
  <testcase name="swift" time="0.0" classname="com.testng.GroupsDemo">
    <ignored/>
  </testcase> <!-- swift -->
</testsuite> <!-- GRP-lax-car -->
