<?xml version="1.0" encoding="UTF-8"?>
<testng-results skipped="0" failed="0" ignored="0" total="2" passed="2">
  <reporter-output>
  </reporter-output>
  <suite name="Default suite" duration-ms="17271" started-at="2021-04-19T00:48:27 IST" finished-at="2021-04-19T00:48:44 IST">
    <groups>
    </groups>
    <test name="Default test" duration-ms="17271" started-at="2021-04-19T00:48:27 IST" finished-at="2021-04-19T00:48:44 IST">
      <class name="com.testng.test.POMLoginTest">
        <test-method status="PASS" signature="setup()[pri:0, instance:com.testng.test.POMLoginTest@3e57cd70]" name="setup" is-config="true" duration-ms="4889" started-at="2021-04-19T00:48:27 IST" finished-at="2021-04-19T00:48:32 IST">
          <reporter-output>
          </reporter-output>
        </test-method> <!-- setup -->
        <test-method status="PASS" signature="init()[pri:0, instance:com.testng.test.POMLoginTest@3e57cd70]" name="init" is-config="true" duration-ms="53" started-at="2021-04-19T00:48:32 IST" finished-at="2021-04-19T00:48:32 IST">
          <reporter-output>
          </reporter-output>
        </test-method> <!-- init -->
        <test-method status="PASS" signature="inValidloginTest()[pri:0, instance:com.testng.test.POMLoginTest@3e57cd70]" name="inValidloginTest" duration-ms="7190" started-at="2021-04-19T00:48:32 IST" finished-at="2021-04-19T00:48:39 IST">
          <reporter-output>
          </reporter-output>
        </test-method> <!-- inValidloginTest -->
        <test-method status="PASS" signature="loginTest()[pri:0, instance:com.testng.test.POMLoginTest@3e57cd70]" name="loginTest" duration-ms="4922" started-at="2021-04-19T00:48:39 IST" finished-at="2021-04-19T00:48:44 IST">
          <reporter-output>
          </reporter-output>
        </test-method> <!-- loginTest -->
        <test-method status="PASS" signature="cleanup()[pri:0, instance:com.testng.test.POMLoginTest@3e57cd70]" name="cleanup" is-config="true" duration-ms="152" started-at="2021-04-19T00:48:44 IST" finished-at="2021-04-19T00:48:44 IST">
          <reporter-output>
          </reporter-output>
        </test-method> <!-- cleanup -->
      </class> <!-- com.testng.test.POMLoginTest -->
    </test> <!-- Default test -->
  </suite> <!-- Default suite -->
</testng-results>
