<?xml version="1.0" encoding="UTF-8"?>
<!-- Generated by org.testng.reporters.JUnitXMLReporter -->
<testsuite hostname="ARAVINDA-DELL-PERSONAL" ignored="0" name="Customer test" tests="4" failures="0" timestamp="2021-04-18T21:31:52 IST" time="58.364" errors="0">
  <testcase name="createCustomerTest" time="8.053" classname="com.testng.CreateCustomerWithExternalData"/>
  <testcase name="createCustomerTest" time="7.47" classname="com.testng.CreateCustomerWithExternalData"/>
  <testcase name="createCustomerTest" time="7.485" classname="com.testng.CreateCustomerWithExternalData"/>
  <testcase name="createCustomerTest" time="7.539" classname="com.testng.CreateCustomerWithExternalData"/>
</testsuite> <!-- Customer test -->
